[    0.000000] Linux version 4.15.0-212-generic (buildd@lcy02-amd64-083) (gcc version 7.5.0 (Ubuntu 7.5.0-3ubuntu1~18.04)) #223-Ubuntu SMP Tue May 23 13:09:22 UTC 2023 (Ubuntu 4.15.0-212.223-generic 4.15.18)
[    0.000000] Command line: BOOT_IMAGE=/boot/vmlinuz-4.15.0-212-generic root=LABEL=cloudimg-rootfs ro console=tty1 console=ttyS0
[    0.000000] KERNEL supported cpus:
[    0.000000]   Intel GenuineIntel
[    0.000000]   AMD AuthenticAMD
[    0.000000]   Centaur CentaurHauls
[    0.000000] x86/fpu: x87 FPU will use FXSAVE
[    0.000000] e820: BIOS-provided physical RAM map:
[    0.000000] BIOS-e820: [mem 0x0000000000000000-0x000000000009fbff] usable
[    0.000000] BIOS-e820: [mem 0x000000000009fc00-0x000000000009ffff] reserved
[    0.000000] BIOS-e820: [mem 0x00000000000f0000-0x00000000000fffff] reserved
[    0.000000] BIOS-e820: [mem 0x0000000000100000-0x000000003ffeffff] usable
[    0.000000] BIOS-e820: [mem 0x000000003fff0000-0x000000003fffffff] ACPI data
[    0.000000] BIOS-e820: [mem 0x00000000fec00000-0x00000000fec00fff] reserved
[    0.000000] BIOS-e820: [mem 0x00000000fee00000-0x00000000fee00fff] reserved
[    0.000000] BIOS-e820: [mem 0x00000000fffc0000-0x00000000ffffffff] reserved
[    0.000000] NX (Execute Disable) protection: active
[    0.000000] SMBIOS 2.5 present.
[    0.000000] DMI: innotek GmbH VirtualBox/VirtualBox, BIOS VirtualBox 12/01/2006
[    0.000000] Hypervisor detected: KVM
[    0.000000] e820: last_pfn = 0x3fff0 max_arch_pfn = 0x400000000
[    0.000000] x86/PAT: Configuration [0-7]: WB  WC  UC- UC  WB  WP  UC- WT  
[    0.000000] CPU MTRRs all blank - virtualized system.
[    0.000000] found SMP MP-table at [mem 0x0009fbf0-0x0009fbff]
[    0.000000] Scanning 1 areas for low memory corruption
[    0.000000] RAMDISK: [mem 0x359cb000-0x36cdcfff]
[    0.000000] ACPI: Early table checksum verification disabled
[    0.000000] ACPI: RSDP 0x00000000000E0000 000024 (v02 VBOX  )
[    0.000000] ACPI: XSDT 0x000000003FFF0030 00003C (v01 VBOX   VBOXXSDT 00000001 ASL  00000061)
[    0.000000] ACPI: FACP 0x000000003FFF00F0 0000F4 (v04 VBOX   VBOXFACP 00000001 ASL  00000061)
[    0.000000] ACPI: DSDT 0x000000003FFF0610 002353 (v02 VBOX   VBOXBIOS 00000002 INTL 20100528)
[    0.000000] ACPI: FACS 0x000000003FFF0200 000040
[    0.000000] ACPI: FACS 0x000000003FFF0200 000040
[    0.000000] ACPI: APIC 0x000000003FFF0240 00005C (v02 VBOX   VBOXAPIC 00000001 ASL  00000061)
[    0.000000] ACPI: SSDT 0x000000003FFF02A0 00036C (v01 VBOX   VBOXCPUT 00000002 INTL 20100528)
[    0.000000] ACPI: Reserving FACP table memory at [mem 0x3fff00f0-0x3fff01e3]
[    0.000000] ACPI: Reserving DSDT table memory at [mem 0x3fff0610-0x3fff2962]
[    0.000000] ACPI: Reserving FACS table memory at [mem 0x3fff0200-0x3fff023f]
[    0.000000] ACPI: Reserving FACS table memory at [mem 0x3fff0200-0x3fff023f]
[    0.000000] ACPI: Reserving APIC table memory at [mem 0x3fff0240-0x3fff029b]
[    0.000000] ACPI: Reserving SSDT table memory at [mem 0x3fff02a0-0x3fff060b]
[    0.000000] No NUMA configuration found
[    0.000000] Faking a node at [mem 0x0000000000000000-0x000000003ffeffff]
[    0.000000] NODE_DATA(0) allocated [mem 0x3ffc5000-0x3ffeffff]
[    0.000000] kvm-clock: cpu 0, msr 0:3ff44001, primary cpu clock
[    0.000000] kvm-clock: Using msrs 4b564d01 and 4b564d00
[    0.000000] kvm-clock: using sched offset of 4380148116 cycles
[    0.000000] clocksource: kvm-clock: mask: 0xffffffffffffffff max_cycles: 0x1cd42e4dffb, max_idle_ns: 881590591483 ns
[    0.000000] Zone ranges:
[    0.000000]   DMA      [mem 0x0000000000001000-0x0000000000ffffff]
[    0.000000]   DMA32    [mem 0x0000000001000000-0x000000003ffeffff]
[    0.000000]   Normal   empty
[    0.000000]   Device   empty
[    0.000000] Movable zone start for each node
[    0.000000] Early memory node ranges
[    0.000000]   node   0: [mem 0x0000000000001000-0x000000000009efff]
[    0.000000]   node   0: [mem 0x0000000000100000-0x000000003ffeffff]
[    0.000000] Reserved but unavailable: 104 pages
[    0.000000] Initmem setup node 0 [mem 0x0000000000001000-0x000000003ffeffff]
[    0.000000] ACPI: PM-Timer IO Port: 0x4008
[    0.000000] IOAPIC[0]: apic_id 2, version 32, address 0xfec00000, GSI 0-23
[    0.000000] ACPI: INT_SRC_OVR (bus 0 bus_irq 0 global_irq 2 dfl dfl)
[    0.000000] ACPI: INT_SRC_OVR (bus 0 bus_irq 9 global_irq 9 low level)
[    0.000000] Using ACPI (MADT) for SMP configuration information
[    0.000000] smpboot: Allowing 2 CPUs, 0 hotplug CPUs
[    0.000000] PM: Registered nosave memory: [mem 0x00000000-0x00000fff]
[    0.000000] PM: Registered nosave memory: [mem 0x0009f000-0x0009ffff]
[    0.000000] PM: Registered nosave memory: [mem 0x000a0000-0x000effff]
[    0.000000] PM: Registered nosave memory: [mem 0x000f0000-0x000fffff]
[    0.000000] e820: [mem 0x40000000-0xfebfffff] available for PCI devices
[    0.000000] Booting paravirtualized kernel on KVM
[    0.000000] clocksource: refined-jiffies: mask: 0xffffffff max_cycles: 0xffffffff, max_idle_ns: 7645519600211568 ns
[    0.000000] setup_percpu: NR_CPUS:8192 nr_cpumask_bits:2 nr_cpu_ids:2 nr_node_ids:1
[    0.000000] percpu: Embedded 50 pages/cpu s167936 r8192 d28672 u1048576
[    0.000000] PV qspinlock hash table entries: 256 (order: 0, 4096 bytes)
[    0.000000] Built 1 zonelists, mobility grouping on.  Total pages: 257913
[    0.000000] Policy zone: DMA32
[    0.000000] Kernel command line: BOOT_IMAGE=/boot/vmlinuz-4.15.0-212-generic root=LABEL=cloudimg-rootfs ro console=tty1 console=ttyS0
[    0.000000] Memory: 982644K/1048120K available (12300K kernel code, 2477K rwdata, 4324K rodata, 2480K init, 2720K bss, 65476K reserved, 0K cma-reserved)
[    0.000000] SLUB: HWalign=64, Order=0-3, MinObjects=0, CPUs=2, Nodes=1
[    0.000000] Kernel/User page tables isolation: enabled
[    0.000000] ftrace: allocating 39508 entries in 155 pages
[    0.004000] Hierarchical RCU implementation.
[    0.004000] 	RCU restricting CPUs from NR_CPUS=8192 to nr_cpu_ids=2.
[    0.004000] 	Tasks RCU enabled.
[    0.004000] RCU: Adjusting geometry for rcu_fanout_leaf=16, nr_cpu_ids=2
[    0.004000] NR_IRQS: 524544, nr_irqs: 440, preallocated irqs: 16
[    0.004000] random: crng init done
[    0.004000] Console: colour VGA+ 80x25
[    0.004000] console [tty1] enabled
[    0.004000] console [ttyS0] enabled
[    0.004000] ACPI: Core revision 20170831
[    0.004000] ACPI: 2 ACPI AML tables successfully acquired and loaded
[    0.004000] APIC: Switch to symmetric I/O mode setup
[    0.008000] ..TIMER: vector=0x30 apic1=0 pin1=2 apic2=-1 pin2=-1
[    0.008006] tsc: Detected 1895.999 MHz processor
[    0.012011] Calibrating delay loop (skipped) preset value.. 3791.99 BogoMIPS (lpj=7583996)
[    0.016004] pid_max: default: 32768 minimum: 301
[    0.020113] Security Framework initialized
[    0.024003] Yama: becoming mindful.
[    0.028114] AppArmor: AppArmor initialized
[    0.039954] Dentry cache hash table entries: 131072 (order: 8, 1048576 bytes)
[    0.045133] Inode-cache hash table entries: 65536 (order: 7, 524288 bytes)
[    0.048092] Mount-cache hash table entries: 2048 (order: 2, 16384 bytes)
[    0.052086] Mountpoint-cache hash table entries: 2048 (order: 2, 16384 bytes)
[    0.062291] Last level iTLB entries: 4KB 64, 2MB 8, 4MB 8
[    0.064004] Last level dTLB entries: 4KB 64, 2MB 0, 4MB 0, 1GB 4
[    0.068004] Spectre V1 : Mitigation: usercopy/swapgs barriers and __user pointer sanitization
[    0.072003] Spectre V2 : Mitigation: Retpolines
[    0.076002] Spectre V2 : Spectre v2 / SpectreRSB mitigation: Filling RSB on context switch
[    0.080003] Spectre V2 : Spectre v2 / SpectreRSB : Filling RSB on VMEXIT
[    0.084002] RETBleed: WARNING: Spectre v2 mitigation leaves CPU vulnerable to RETBleed attacks, data leaks possible!
[    0.088004] RETBleed: Vulnerable
[    0.092002] Speculative Store Bypass: Vulnerable
[    0.096091] MDS: Mitigation: Clear CPU buffers
[    0.100003] MMIO Stale Data: Mitigation: Clear CPU buffers
[    0.104003] SRBDS: Unknown: Dependent on hypervisor status
[    0.108184] Freeing SMP alternatives memory: 36K
[    0.226193] smpboot: CPU0: Intel(R) Core(TM) i5-8350U CPU @ 1.70GHz (family: 0x6, model: 0x8e, stepping: 0xa)
[    0.232020] Performance Events: unsupported p6 CPU model 142 no PMU driver, software events only.
[    0.236159] Hierarchical SRCU implementation.
[    0.240862] NMI watchdog: Perf event create on CPU 0 failed with -2
[    0.244003] NMI watchdog: Perf NMI watchdog permanently disabled
[    0.248459] smp: Bringing up secondary CPUs ...
[    0.253183] x86: Booting SMP configuration:
[    0.256087] .... node  #0, CPUs:      #1
[    0.004000] kvm-clock: cpu 1, msr 0:3ff44041, secondary cpu clock
[    0.272000] TSC synchronization [CPU#0 -> CPU#1]:
[    0.272000] Measured 58714 cycles TSC warp between CPUs, turning off TSC clock.
[    0.272000] tsc: Marking TSC unstable due to check_tsc_sync_source failed
[    0.276278] smp: Brought up 1 node, 2 CPUs
[    0.280005] smpboot: Max logical packages: 1
[    0.284003] smpboot: Total of 2 processors activated (7583.99 BogoMIPS)
[    0.292673] devtmpfs: initialized
[    0.296114] x86/mm: Memory block size: 128MB
[    0.300458] evm: security.selinux
[    0.304003] evm: security.SMACK64
[    0.308002] evm: security.SMACK64EXEC
[    0.312002] evm: security.SMACK64TRANSMUTE
[    0.316002] evm: security.SMACK64MMAP
[    0.320002] evm: security.apparmor
[    0.324003] evm: security.ima
[    0.328002] evm: security.capability
[    0.332456] clocksource: jiffies: mask: 0xffffffff max_cycles: 0xffffffff, max_idle_ns: 7645041785100000 ns
[    0.336011] futex hash table entries: 512 (order: 3, 32768 bytes)
[    0.340259] pinctrl core: initialized pinctrl subsystem
[    0.344646] RTC time: 23:08:38, date: 11/23/24
[    0.349661] NET: Registered protocol family 16
[    0.352161] audit: initializing netlink subsys (disabled)
[    0.356283] audit: type=2000 audit(1732403323.799:1): state=initialized audit_enabled=0 res=1
[    0.372010] cpuidle: using governor ladder
[    0.376023] cpuidle: using governor menu
[    0.380212] ACPI: bus type PCI registered
[    0.384008] acpiphp: ACPI Hot Plug PCI Controller Driver version: 0.5
[    0.388653] PCI: Using configuration type 1 for base access
[    0.400016] HugeTLB registered 2.00 MiB page size, pre-allocated 0 pages
[    0.412469] ACPI: Added _OSI(Module Device)
[    0.416147] ACPI: Added _OSI(Processor Device)
[    0.420008] ACPI: Added _OSI(3.0 _SCP Extensions)
[    0.424007] ACPI: Added _OSI(Processor Aggregator Device)
[    0.428010] ACPI: Added _OSI(Linux-Dell-Video)
[    0.432008] ACPI: Added _OSI(Linux-Lenovo-NV-HDMI-Audio)
[    0.436010] ACPI: Added _OSI(Linux-HPI-Hybrid-Graphics)
[    0.441045] ACPI: Executed 1 blocks of module-level executable AML code
[    0.452806] ACPI: Interpreter enabled
[    0.456022] ACPI: (supports S0 S5)
[    0.460005] ACPI: Using IOAPIC for interrupt routing
[    0.464508] PCI: Using host bridge windows from ACPI; if necessary, use "pci=nocrs" and report a bug
[    0.468357] ACPI: Enabled 2 GPEs in block 00 to 07
[    0.490789] ACPI: PCI Root Bridge [PCI0] (domain 0000 [bus 00-ff])
[    0.492013] acpi PNP0A03:00: _OSC: OS supports [ASPM ClockPM Segments MSI]
[    0.497195] acpi PNP0A03:00: _OSC: not requesting OS control; OS requires [ExtendedConfig ASPM ClockPM MSI]
[    0.500022] acpi PNP0A03:00: fail to add MMCONFIG information, can't access extended PCI configuration space under this bridge.
[    0.505105] PCI host bridge to bus 0000:00
[    0.508007] pci_bus 0000:00: root bus resource [io  0x0000-0x0cf7 window]
[    0.512008] pci_bus 0000:00: root bus resource [io  0x0d00-0xffff window]
[    0.516006] pci_bus 0000:00: root bus resource [mem 0x000a0000-0x000bffff window]
[    0.520006] pci_bus 0000:00: root bus resource [mem 0x40000000-0xfdffffff window]
[    0.524006] pci_bus 0000:00: root bus resource [bus 00-ff]
[    0.537231] pci 0000:00:01.1: legacy IDE quirk: reg 0x10: [io  0x01f0-0x01f7]
[    0.540008] pci 0000:00:01.1: legacy IDE quirk: reg 0x14: [io  0x03f6]
[    0.544006] pci 0000:00:01.1: legacy IDE quirk: reg 0x18: [io  0x0170-0x0177]
[    0.548008] pci 0000:00:01.1: legacy IDE quirk: reg 0x1c: [io  0x0376]
[    0.582109] pci 0000:00:07.0: quirk: [io  0x4000-0x403f] claimed by PIIX4 ACPI
[    0.584051] pci 0000:00:07.0: quirk: [io  0x4100-0x410f] claimed by PIIX4 SMB
[    0.599880] ACPI: PCI Interrupt Link [LNKA] (IRQs 5 9 10 *11)
[    0.600771] ACPI: PCI Interrupt Link [LNKB] (IRQs 5 9 *10 11)
[    0.604315] ACPI: PCI Interrupt Link [LNKC] (IRQs 5 *9 10 11)
[    0.608271] ACPI: PCI Interrupt Link [LNKD] (IRQs 5 9 10 *11)
[    0.612950] SCSI subsystem initialized
[    0.620140] pci 0000:00:02.0: vgaarb: setting as boot VGA device
[    0.624000] pci 0000:00:02.0: vgaarb: VGA device added: decodes=io+mem,owns=io+mem,locks=none
[    0.624005] pci 0000:00:02.0: vgaarb: bridge control possible
[    0.628003] vgaarb: loaded
[    0.630847] ACPI: bus type USB registered
[    0.632020] usbcore: registered new interface driver usbfs
[    0.636048] usbcore: registered new interface driver hub
[    0.640020] usbcore: registered new device driver usb
[    0.648127] EDAC MC: Ver: 3.0.0
[    0.652418] PCI: Using ACPI for IRQ routing
[    0.656869] NetLabel: Initializing
[    0.660002] NetLabel:  domain hash size = 128
[    0.664002] NetLabel:  protocols = UNLABELED CIPSOv4 CALIPSO
[    0.668025] NetLabel:  unlabeled traffic allowed by default
[    0.672372] clocksource: Switched to clocksource kvm-clock
[    0.726770] VFS: Disk quotas dquot_6.6.0
[    0.728780] VFS: Dquot-cache hash table entries: 512 (order 0, 4096 bytes)
[    0.728780] AppArmor: AppArmor Filesystem Enabled
[    0.728780] pnp: PnP ACPI init
[    0.728780] pnp: PnP ACPI: found 3 devices
[    0.801044] clocksource: acpi_pm: mask: 0xffffff max_cycles: 0xffffff, max_idle_ns: 2085701024 ns
[    0.804983] NET: Registered protocol family 2
[    0.804983] IP idents hash table entries: 16384 (order: 5, 131072 bytes)
[    0.824242] TCP established hash table entries: 8192 (order: 4, 65536 bytes)
[    0.832418] TCP bind hash table entries: 8192 (order: 5, 131072 bytes)
[    0.840502] TCP: Hash tables configured (established 8192 bind 8192)
[    0.843854] UDP hash table entries: 512 (order: 2, 16384 bytes)
[    0.843854] UDP-Lite hash table entries: 512 (order: 2, 16384 bytes)
[    0.843854] NET: Registered protocol family 1
[    0.843854] pci 0000:00:00.0: Limiting direct PCI/PCI transfers
[    0.843854] pci 0000:00:01.0: Activating ISA DMA hang workarounds
[    0.843854] pci 0000:00:02.0: Video device with shadowed ROM at [mem 0x000c0000-0x000dffff]
[    0.843854] Unpacking initramfs...
[    1.440003] Freeing initrd memory: 19528K
[    1.444692] clocksource: tsc: mask: 0xffffffffffffffff max_cycles: 0x36a8d041f91, max_idle_ns: 881590460728 ns
[    1.455508] platform rtc_cmos: registered platform RTC device (no PNP device found)
[    1.465293] Scanning for low memory corruption every 60 seconds
[    1.474572] Initialise system trusted keyrings
[    1.480257] Key type blacklist registered
[    1.485403] workingset: timestamp_bits=36 max_order=18 bucket_order=0
[    1.494838] zbud: loaded
[    1.500644] squashfs: version 4.0 (2009/01/31) Phillip Lougher
[    1.508245] fuse init (API version 7.26)
[    1.532981] Key type asymmetric registered
[    1.537776] Asymmetric key parser 'x509' registered
[    1.542795] Block layer SCSI generic (bsg) driver version 0.4 loaded (major 246)
[    1.550891] io scheduler noop registered
[    1.555809] io scheduler deadline registered
[    1.560532] io scheduler cfq registered (default)
[    1.566109] ACPI: AC Adapter [AC] (on-line)
[    1.570858] input: Power Button as /devices/LNXSYSTM:00/LNXPWRBN:00/input/input0
[    1.579253] ACPI: Power Button [PWRF]
[    1.584505] input: Sleep Button as /devices/LNXSYSTM:00/LNXSLPBN:00/input/input1
[    1.592499] ACPI: Sleep Button [SLPF]
[    1.599766] ACPI: Battery Slot [BAT0] (battery present)
[    1.606181] Serial: 8250/16550 driver, 32 ports, IRQ sharing enabled
[    1.641251] 00:02: ttyS0 at I/O 0x3f8 (irq = 4, base_baud = 115200) is a 16550A
[    1.668187] Linux agpgart interface v0.103
[    1.684853] loop: module loaded
[    1.691926] scsi host0: ata_piix
[    1.697231] scsi host1: ata_piix
[    1.701454] ata1: PATA max UDMA/33 cmd 0x1f0 ctl 0x3f6 bmdma 0xd000 irq 14
[    1.708046] ata2: PATA max UDMA/33 cmd 0x170 ctl 0x376 bmdma 0xd008 irq 15
[    1.715433] tun: Universal TUN/TAP device driver, 1.6
[    1.724022] PPP generic driver version 2.4.2
[    1.729419] ehci_hcd: USB 2.0 'Enhanced' Host Controller (EHCI) Driver
[    1.736359] ehci-pci: EHCI PCI platform driver
[    1.741177] ehci-platform: EHCI generic platform driver
[    1.746583] ohci_hcd: USB 1.1 'Open' Host Controller (OHCI) Driver
[    1.752991] ohci-pci: OHCI PCI platform driver
[    1.757833] ohci-platform: OHCI generic platform driver
[    1.761778] uhci_hcd: USB Universal Host Controller Interface driver
[    1.769686] i8042: PNP: PS/2 Controller [PNP0303:PS2K,PNP0f03:PS2M] at 0x60,0x64 irq 1,12
[    1.782026] serio: i8042 KBD port at 0x60,0x64 irq 1
[    1.788077] serio: i8042 AUX port at 0x60,0x64 irq 12
[    1.794784] mousedev: PS/2 mouse device common for all mice
[    1.804516] rtc_cmos rtc_cmos: rtc core: registered rtc_cmos as rtc0
[    1.811735] input: AT Translated Set 2 keyboard as /devices/platform/i8042/serio0/input/input2
[    1.821025] rtc_cmos rtc_cmos: alarms up to one day, 114 bytes nvram
[    1.828607] i2c /dev entries driver
[    1.833197] device-mapper: uevent: version 1.0.3
[    1.838850] device-mapper: ioctl: 4.37.0-ioctl (2017-09-20) initialised: dm-devel@redhat.com
[    1.848725] ledtrig-cpu: registered to indicate activity on CPUs
[    1.858949] NET: Registered protocol family 10
[    1.935151] Segment Routing with IPv6
[    1.940320] NET: Registered protocol family 17
[    1.945653] Key type dns_resolver registered
[    1.951363] mce: Using 0 MCE banks
[    1.955660] RAS: Correctable Errors collector initialized.
[    1.961699] sched_clock: Marking stable (1961638090, 0)->(2923245161, -961607071)
[    1.973154] registered taskstats version 1
[    1.978630] Loading compiled-in X.509 certificates
[    1.987929] Loaded X.509 cert 'Build time autogenerated kernel key: b5b26778eaa3ab3a4a6cee031137706e947d12ad'
[    1.999081] Loaded X.509 cert 'Canonical Ltd. Live Patch Signing: 14df34d1a87cf37625abec039ef2bf521249b969'
[    2.009697] Loaded X.509 cert 'Canonical Ltd. Kernel Module Signing: 88f752e560a1e0737e31163a466ad7b70a850c19'
[    2.020495] blacklist: Loading compiled-in revocation X.509 certificates
[    2.027844] Loaded X.509 cert 'Canonical Ltd. Secure Boot Signing: 61482aa2830d0ab2ad5af10b7250da9033ddcef0'
[    2.038529] Loaded X.509 cert 'Canonical Ltd. Secure Boot Signing (2017): 242ade75ac4a15e50d50c84b0d45ff3eae707a03'
[    2.049123] Loaded X.509 cert 'Canonical Ltd. Secure Boot Signing (ESM 2018): 365188c1d374d6b07c3c8f240f8ef722433d6a8b'
[    2.059851] Loaded X.509 cert 'Canonical Ltd. Secure Boot Signing (2019): c0746fd6c5da3ae827864651ad66ae47fe24b3e8'
[    2.070564] Loaded X.509 cert 'Canonical Ltd. Secure Boot Signing (2021 v1): a8d54bbb3825cfb94fa13c9f8a594a195c107b8d'
[    2.081208] Loaded X.509 cert 'Canonical Ltd. Secure Boot Signing (2021 v2): 4cf046892d6fd3c9a5b03f98d845f90851dc6a8c'
[    2.092646] Loaded X.509 cert 'Canonical Ltd. Secure Boot Signing (2021 v3): 100437bb6de6e469b581e61cd66bce3ef4ed53af'
[    2.103828] Loaded X.509 cert 'Canonical Ltd. Secure Boot Signing (Ubuntu Core 2019): c1d57b8f6b743f23ee41f4f7ee292f06eecadfb9'
[    2.116039] zswap: loaded using pool lzo/zbud
[    2.133490] Key type big_key registered
[    2.138437] Key type trusted registered
[    2.148386] Key type encrypted registered
[    2.153505] AppArmor: AppArmor sha1 policy hashing enabled
[    2.159624] ima: No TPM chip found, activating TPM-bypass! (rc=-19)
[    2.167011] ima: Allocated hash algorithm: sha1
[    2.172632] evm: HMAC attrs: 0x1
[    2.177236]   Magic number: 0:267:151
[    2.182271] rtc_cmos rtc_cmos: setting system clock to 2024-11-23 23:08:40 UTC (1732403320)
[    2.192014] BIOS EDD facility v0.16 2004-Jun-25, 0 devices found
[    2.199063] EDD information not available.
[    2.208741] Freeing unused kernel image memory: 2480K
[    2.236581] Write protecting the kernel read-only data: 20480k
[    2.245480] Freeing unused kernel image memory: 2008K
[    2.252256] Freeing unused kernel image memory: 1820K
[    2.264439] x86/mm: Checked W+X mappings: passed, no W+X pages found.
[    2.272140] x86/mm: Checking user space page tables
[    2.283461] x86/mm: Checked W+X mappings: passed, no W+X pages found.
Loading, please wait...
starting version 237
[    2.389711] e1000: Intel(R) PRO/1000 Network Driver - version 7.3.21-k8-NAPI
[    2.398037] e1000: Copyright (c) 1999-2006 Intel Corporation.
[    2.407972] Fusion MPT base driver 3.04.20
[    2.413597] Copyright (c) 1999-2008 LSI Corporation
[    2.471867] Fusion MPT SPI Host driver 3.04.20
[    2.497397] SSE version of gcm_enc/dec engaged.
[    2.680666] input: ImExPS/2 Generic Explorer Mouse as /devices/platform/i8042/serio1/input/input4
[    3.167953] e1000 0000:00:03.0 eth0: (PCI:33MHz:32-bit) 02:3b:7b:b7:3b:2d
[    3.175807] e1000 0000:00:03.0 eth0: Intel(R) PRO/1000 Network Connection
[    3.185260] mptbase: ioc0: Initiating bringup
[    3.186268] e1000 0000:00:03.0 enp0s3: renamed from eth0
[    3.334093] ioc0: LSI53C1030 A0: Capabilities={Initiator}
[    3.603288] scsi host2: ioc0: LSI53C1030 A0, FwRev=00000000h, Ports=1, MaxQ=256, IRQ=20
[    3.785679] scsi 2:0:0:0: Direct-Access     VBOX     HARDDISK         1.0  PQ: 0 ANSI: 5
[    4.323681] scsi target2:0:0: Beginning Domain Validation
[    4.341875] scsi target2:0:0: Domain Validation skipping write tests
[    4.349570] scsi target2:0:0: Ending Domain Validation
[    4.355693] scsi target2:0:0: asynchronous
[    4.362319] scsi 2:0:1:0: Direct-Access     VBOX     HARDDISK         1.0  PQ: 0 ANSI: 5
[    4.790980] scsi target2:0:1: Beginning Domain Validation
[    4.803094] scsi target2:0:1: Domain Validation skipping write tests
[    4.809487] scsi target2:0:1: Ending Domain Validation
[    4.815301] scsi target2:0:1: asynchronous
[    4.832782] sd 2:0:0:0: [sda] 83886080 512-byte logical blocks: (42.9 GB/40.0 GiB)
[    4.842889] sd 2:0:0:0: Attached scsi generic sg0 type 0
[    4.845147] sd 2:0:0:0: [sda] Write Protect is off
[    4.856863] sd 2:0:1:0: Attached scsi generic sg1 type 0
[    4.857244] sd 2:0:0:0: [sda] Incomplete mode parameter data
[    4.869711] sd 2:0:0:0: [sda] Assuming drive cache: write through
[    4.876949] sd 2:0:1:0: [sdb] 20480 512-byte logical blocks: (10.5 MB/10.0 MiB)
[    4.885735] sd 2:0:1:0: [sdb] Write Protect is off
[    4.892707]  sda: sda1
[    4.892924] sd 2:0:1:0: [sdb] Incomplete mode parameter data
[    4.901763] sd 2:0:1:0: [sdb] Assuming drive cache: write through
[    4.906578] sd 2:0:0:0: [sda] Attached SCSI disk
[    4.939139] sd 2:0:1:0: [sdb] Attached SCSI disk
Begin: Loading essential drivers ... [    7.008762] raid6: sse2x1   gen()  9957 MB/s
[    7.060233] raid6: sse2x1   xor()  7142 MB/s
[    7.112093] raid6: sse2x2   gen() 12947 MB/s
[    7.164419] raid6: sse2x2   xor()  9018 MB/s
[    7.216197] raid6: sse2x4   gen() 15229 MB/s
[    7.268682] raid6: sse2x4   xor() 10039 MB/s
[    7.273755] raid6: using algorithm sse2x4 gen() 15229 MB/s
[    7.279627] raid6: .... xor() 10039 MB/s, rmw enabled
[    7.285781] raid6: using ssse3x2 recovery algorithm
[    7.294563] xor: measuring software checksum speed
[   12.724887]    prefetch64-sse: 86946.704 MB/sec
[   12.831001]    generic_sse: 43457.000 MB/sec
[   12.836295] xor: using function: prefetch64-sse (86946.704 MB/sec)
[   12.846020] async_tx: api initialized (async)
done.
Begin: Running /scripts/init-premount ... done.
Begin: Mounting root file system ... Begin: Running /scripts/local-top ... done.
Begin: Running /scripts/local-premount ... [   12.927596] Btrfs loaded, crc32c=crc32c-intel
Scanning for Btrfs filesystems
done.
Warning: fsck not present, so skipping root file system
[   12.998839] EXT4-fs (sda1): mounted filesystem with ordered data mode. Opts: (null)
done.
Begin: Running /scripts/local-bottom ... done.
Begin: Running /scripts/init-bottom ... done.
[   13.329449] ip_tables: (C) 2000-2006 Netfilter Core Team
[   13.359476] systemd[1]: systemd 237 running in system mode. (+PAM +AUDIT +SELINUX +IMA +APPARMOR +SMACK +SYSVINIT +UTMP +LIBCRYPTSETUP +GCRYPT +GNUTLS +ACL +XZ +LZ4 +SECCOMP +BLKID +ELFUTILS +KMOD -IDN2 +IDN -PCRE2 default-hierarchy=hybrid)
[   13.383686] systemd[1]: Detected virtualization oracle.
[   13.390658] systemd[1]: Detected architecture x86-64.

Welcome to [1mUbuntu 18.04.6 LTS[0m!

[   13.429339] systemd[1]: Set hostname to <ubuntu>.
[   13.442436] systemd[1]: Initializing machine ID from random generator.
[   13.449604] systemd[1]: Installed transient /etc/machine-id file.
[   13.907803] systemd[1]: Reached target Mounting snaps.
[[0;32m  OK  [0m] Reached target Mounting snaps.
[   13.918784] systemd[1]: Reached target Mounted snaps.
[[0;32m  OK  [0m] Reached target Mounted snaps.
[   13.929543] systemd[1]: Reached target User and Group Name Lookups.
[[0;32m  OK  [0m] Reached target User and Group Name Lookups.
[   13.942477] systemd[1]: Set up automount Arbitrary Executable File Formats File System Automount Point.
[[0;32m  OK  [0m] Set up automount Arbitrary Executab…rmats File System Automount Point.
[[0;32m  OK  [0m] Created slice System Slice.
[[0;32m  OK  [0m] Listening on LVM2 poll daemon socket.
[[0;32m  OK  [0m] Listening on udev Kernel Socket.
[[0;32m  OK  [0m] Listening on fsck to fsckd communication Socket.
[[0;32m  OK  [0m] Listening on Device-mapper event daemon FIFOs.
[[0;32m  OK  [0m] Listening on Journal Audit Socket.
[[0;32m  OK  [0m] Listening on Journal Socket (/dev/log).
[[0;32m  OK  [0m] Listening on Syslog Socket.
[[0;32m  OK  [0m] Created slice system-serial\x2dgetty.slice.
[[0;32m  OK  [0m] Listening on /dev/initctl Compatibility Named Pipe.
[[0;32m  OK  [0m] Created slice User and Session Slice.
[[0;32m  OK  [0m] Listening on Network Service Netlink Socket.
[[0;32m  OK  [0m] Listening on LVM2 metadata daemon socket.
[[0;32m  OK  [0m] Reached target Slices.
[[0;32m  OK  [0m] Listening on Journal Socket.
         Starting File System Check on Root Device...
         Starting Journal Service...
         Starting Uncomplicated firewall...
         Starting Load Kernel Modules...
         Mounting POSIX Message Queue File System...
[   14.114083] Loading iSCSI transport class v2.0-870.
         Starting Set the console keyboard layout...
[[0;32m  OK  [0m] Listening on udev Control Socket.
         Starting udev Coldplug all Devices...
[[0;32m  OK  [0m] Reached target System Time Synchronized.
         [   14.161822] iscsi: registered transport (tcp)
Starting Create list of required st…ce nodes for the current kernel...
         Mounting Huge Pages File System...
         Starting Monitoring of LVM2 mirrors…ng dmeventd or progress polling...
[[0;32m  OK  [0m] Started Forward Password Requests to Wall Directory Watch.
         Mounting Kernel Debug File System...
[[0;32m  OK  [0m] Reached target Swap.
[[0;32m  OK  [0m] Started Journal Service.
[[0;32m  OK  [0m] Started File System Check on Root Device.
[[0;32m  OK  [0m] Started Uncomplicated firewall.
[[0;32m  OK  [0m] Mounted POSIX Message Queue File System.
[[0;32m  OK  [0m] Started Create list of required sta…vice nodes for the current kernel.
[[0;32m  OK  [0m] Mounted Huge Pages File System.
[[0;32m  OK  [[   14.248664] iscsi: registered transport (iser)
0m] Mounted Kernel Debug File System.
[[0;32m  OK  [0m] Started File System Check Daemon to report status.
         Starting Create Static Device Nodes in /dev...
         Starting Remount Root and Kernel File Systems...
[[0;32m  OK  [0m] Started Load Kernel Modules.
         Mounting FUSE Control File System...
         Starting Apply Kernel Variables...
         Mounting Kernel Configuration File System...
[[0;32m  OK  [0m] Mounted FUSE Control File System.
[[0;32m  OK  [0m] Mounted Kernel Configuration File System.
[[0;32m  OK  [0m] Started udev Coldplug all Devices.
[[0;32m  OK  [0m] Started Create Static Device Nodes in /dev.
[[0;32m  OK  [0m] Started Remount Root and Kernel File Systems.
[[0;32m  OK  [0m] Started LVM2 metadata daemon.
         Starting Flush Journal to Persistent Storage...
         Starting udev Kernel Device Manager...
         Starting Load/Save Random Seed...
[[0;32m  OK  [0m] Started Apply Kernel Variables.
[[0;32m  OK  [0m] Started Monitoring of LVM2 mirrors,…sing dmeventd or progress polling.
[[0;32m  OK  [0m] Started Load/Save Random Seed.
[[0;32m  OK  [0m] Started udev Kernel Device Manager.
[[0;32m  OK  [0m] Started Flush Journal to Persistent Storage.
[[0;32m  OK  [0m] Found device /dev/ttyS0.
[[0;32m  OK  [0m] Listening on Load/Save RF Kill Switch Status /dev/rfkill Watch.
[[0;32m  OK  [0m] Started Set the console keyboard layout.
[[0;32m  OK  [0m] Started Dispatch Password Requests to Console Directory Watch.
[[0;32m  OK  [0m] Reached target Local Encrypted Volumes.
[[0;32m  OK  [0m] Reached target Local File Systems (Pre).
[[0;32m  OK  [0m] Reached target Local File Systems.
         Starting AppArmor initialization...
         Starting Commit a transient machine-id on disk...
         Starting ebtables ruleset management...
         Starting Create Volatile Files and Directories...
         Starting Set console font and keymap...
         Starting Tell Plymouth To Write Out Runtime Data...
[[0;32m  OK  [0m] Started Create Volatile Files and Directories.
[[0;32m  OK  [0m] Started Commit a transient machine-id on disk.
[[0;32m  OK  [0m] Started Tell Plymouth To Write Out Runtime Data.
         Starting Update UTMP about System Boot/Shutdown...
[[0;32m  OK  [0m] Started Update UTMP about System Boot/Shutdown.
[[0;32m  OK  [0m] Started ebtables ruleset management.
         Mounting Arbitrary Executable File Formats File System...
[[0;32m  OK  [0m] Mounted Arbitrary Executable File Formats File System.
[[0;32m  OK  [0m] Started AppArmor initialization.
         Starting Load AppArmor profiles managed internally by snapd...
         Starting Initial cloud-init job (pre-networking)...
[[0;32m  OK  [0m] Started Load AppArmor profiles managed internally by snapd.
[[0;32m  OK  [0m] Started Set console font and keymap.
[   19.166385] cloud-init[758]: Cloud-init v. 23.1.2-0ubuntu0~18.04.1 running 'init-local' at Sat, 23 Nov 2024 23:08:57 +0000. Up 18.74 seconds.
[[0;32m  OK  [0m] Started Initial cloud-init job (pre-networking).
[[0;32m  OK  [0m] Reached target Network (Pre).
         Starting Network Service...
[[0;32m  OK  [0m] Started Network Service.
         Starting Network Name Resolution...
         Starting Wait for Network to be Configured...
[[0;32m  OK  [0m] Started Network Name Resolution.
[[0;32m  OK  [0m] Reached target Host and Network Name Lookups.
[[0;32m  OK  [0m] Reached target Network.
[[0;32m  OK  [0m] Started Wait for Network to be Configured.
         Starting Initial cloud-init job (metadata service crawler)...
[   21.330190] cloud-init[902]: Cloud-init v. 23.1.2-0ubuntu0~18.04.1 running 'init' at Sat, 23 Nov 2024 23:08:59 +0000. Up 21.19 seconds.
[   21.338803] cloud-init[902]: ci-info: ++++++++++++++++++++++++++++++++++++++Net device info++++++++++++++++++++++++++++++++++++++
[   21.345907] cloud-init[902]: ci-info: +--------+------+----------------------------+---------------+--------+-------------------+
[   21.353144] cloud-init[902]: ci-info: | Device |  Up  |          Address           |      Mask     | Scope  |     Hw-Address    |
[   21.360467] cloud-init[902]: ci-info: +--------+------+----------------------------+---------------+--------+-------------------+
[   21.368767] cloud-init[902]: ci-info: | enp0s3 | True |         10.0.2.15          | 255.255.255.0 | global | 02:3b:7b:b7:3b:2d |
[   21.375656] cloud-init[902]: ci-info: | enp0s3 | True | fd00::3b:7bff:feb7:3b2d/64 |       .       | global | 02:3b:7b:b7:3b:2d |
[   21.383049] cloud-init[902]: ci-info: | enp0s3 | True | fe80::3b:7bff:feb7:3b2d/64 |       .       |  link  | 02:3b:7b:b7:3b:2d |
[   21.393658] cloud-init[902]: ci-info: |   lo   | True |         127.0.0.1          |   255.0.0.0   |  host  |         .         |
[   21.400797] cloud-init[902]: ci-info: |   lo   | True |          ::1/128           |       .       |  host  |         .         |
[   21.408403] cloud-init[902]: ci-info: +--------+------+----------------------------+---------------+--------+-------------------+
[   21.415708] cloud-init[902]: ci-info: ++++++++++++++++++++++++++++Route IPv4 info+++++++++++++++++++++++++++++
[   21.423298] cloud-init[902]: ci-info: +-------+-------------+----------+-----------------+-----------+-------+
[   21.429818] cloud-init[902]: ci-info: | Route | Destination | Gateway  |     Genmask     | Interface | Flags |
[   21.436010] cloud-init[902]: ci-info: +-------+-------------+----------+-----------------+-----------+-------+
[   21.444039] cloud-init[902]: ci-info: |   0   |   0.0.0.0   | 10.0.2.2 |     0.0.0.0     |   enp0s3  |   UG  |
[   21.451044] cloud-init[902]: ci-info: |   1   |   10.0.2.0  | 0.0.0.0  |  255.255.255.0  |   enp0s3  |   U   |
[   21.457831] cloud-init[902]: ci-info: |   2   |   10.0.2.2  | 0.0.0.0  | 255.255.255.255 |   enp0s3  |   UH  |
[   21.464084] cloud-init[902]: ci-info: +-------+-------------+----------+-----------------+-----------+-------+
[   21.470540] cloud-init[902]: ci-info: +++++++++++++++++++Route IPv6 info+++++++++++++++++++
[   21.476141] cloud-init[902]: ci-info: +-------+-------------+---------+-----------+-------+
[   21.482203] cloud-init[902]: ci-info: | Route | Destination | Gateway | Interface | Flags |
[   21.489122] cloud-init[902]: ci-info: +-------+-------------+---------+-----------+-------+
[   21.495223] cloud-init[902]: ci-info: |   1   |  fd00::/64  |    ::   |   enp0s3  |   U   |
[   21.501876] cloud-init[902]: ci-info: |   2   |  fe80::/64  |    ::   |   enp0s3  |   U   |
[   21.509943] cloud-init[902]: ci-info: |   3   |     ::/0    | fe80::2 |   enp0s3  |   UG  |
[   21.518010] cloud-init[902]: ci-info: |   5   |    local    |    ::   |   enp0s3  |   U   |
[   21.527185] cloud-init[902]: ci-info: |   6   |   ff00::/8  |    ::   |   enp0s3  |   U   |
[   21.536387] cloud-init[902]: ci-info: +-------+-------------+---------+-----------+-------+
[   22.634246] cloud-init[902]: Generating public/private rsa key pair.
[   22.636624] cloud-init[902]: Your identification has been saved in /etc/ssh/ssh_host_rsa_key.
[   22.639763] cloud-init[902]: Your public key has been saved in /etc/ssh/ssh_host_rsa_key.pub.
[   22.643031] cloud-init[902]: The key fingerprint is:
[   22.644990] cloud-init[902]: SHA256:/so/vWBis66A64AmyHQD2w4lszx7tUlTz/YqrfgL0Ko root@ubuntu-bionic
[   22.648486] cloud-init[902]: The key's randomart image is:
[   22.650464] cloud-init[902]: +---[RSA 2048]----+
[   22.652601] cloud-init[902]: |                 |
[   22.654395] cloud-init[902]: |                 |
[   22.656655] cloud-init[902]: | + .   .         |
[   22.661019] cloud-init[902]: |. O . . o        |
[   22.665630] cloud-init[902]: | B = =  S+       |
[   22.670173] cloud-init[902]: |= *.* +.. .      |
[   22.674892] cloud-init[902]: |=+.+.+  * oo     |
[   22.679429] cloud-init[902]: |o.o. .o+ Bo..    |
[   22.683805] cloud-init[902]: | Eo  .o*O+o...   |
[   22.688469] cloud-init[902]: +----[SHA256]-----+
[   22.693213] cloud-init[902]: Generating public/private dsa key pair.
[   22.698337] cloud-init[902]: Your identification has been saved in /etc/ssh/ssh_host_dsa_key.[[0;32m  OK  [0m] Started Initial cloud-init job (metadata service crawler).
[[0;32m  OK  [0m] Reached target Network is Online.

         Starting Availability of block devices...
[[0;32m  OK  [0m] Reached target Remote File Systems (Pre).
[[0;32m  OK  [0m] Reached target Remote File Systems.
[[0;32m  OK  [0m] Reached target Cloud-config availability.
[[0;32m  OK  [0m] Reached target System Initialization.
[[0;32m  OK  [0m] Listening on UUID daemon activation socket.
[[0;32m  OK  [0m] Started ACPI Events Check.
[[0;32m  OK  [0m] Started Daily Cleanup of Temporary Directories.
[[0;32m  OK  [0m] Started Message of the Day.
         Starting Socket activation for snappy daemon.
[[0;32m  OK  [0m] Listening on ACPID Listen Socket.
[[0;32m  OK  [0m] Reached target Paths.
[[0;32m  OK  [0m] Started Daily apt download activities.
[[0;32m  OK  [0m] Started Discard unused blocks once a week.
[[0;32m  OK  [0m] Started Daily apt upgrade and clean activities.
[[0;32m  OK  [0m] Started Ubuntu Advantage Timer for running repeated jobs.
[[0;32m  OK  [0m] Reached target Timers.
[[0;32m  OK  [0m] Listening on D-Bus System Message Bus Socket.
[[0;32m  OK  [0m] Listening on Open-iSCSI iscsid Socket.
[   22.723560] cloud-init[902]: Your public key has been saved in /etc/ssh/ssh_host_dsa_key.pub.
         Starting LXD - unix socket.
[   22.758348] [[0;32m  OK  [0m] Listening on cloud-init hotplug hook socket.
[[0;32m  OK  [0m] Started Availability of block devices.
[[0;32m  OK  [0m] Listening on Socket activation for snappy daemon.
[[0;32m  OK  [0m] Listening on LXD - unix socket.
[[0;32m  OK  [0m] Reached target Sockets.
[[0;32m  OK  [0m] Reached target Basic System.
         Starting Virtualbox guest utils...
[[0;32m  OK  [0m] Started Deferred execution scheduler.
         Starting LSB: automatic crash report generation...
[[0;32m  OK  [0m] Started FUSE filesystem for LXC.
         Starting System Logging Service...
         Starting LXD - container startup/shutdown...
cloud-init[902]: [[0;32m  OK  [0m] Started irqbalance daemon.
[[0;32m  OK  [0m] Started D-Bus System Message Bus.
The key fingerprint is:
[   22.793078] cloud-init[902]: SHA256:749iD59XHWBHWHpAOZxwWHYTkXYQeXRqep027T8K52I root@ubuntu-bionic
[   22.804613] cloud-init[902]: The key's randomart image is:
[   22.809369] cloud-init[902]: +---[DSA 1024]----+
[   22.814791] cloud-init[902]: |           .**O%*|
[   22.820277] cloud-init[902]: |           .oO===|
[   22.825968] cloud-init[902]: |            ..Bo.|
[   22.831354] cloud-init[902]: |             o.oo|
[   22.837178] cloud-init[902]: |        S   . .=+|
[   22.842384] cloud-init[902]: |         .   .o.o|
[   22.847332] cloud-init[902]: |        . .. o  .|
[   22.852594] cloud-init[902]: |        o+ E=  ..|
[   22.857633] cloud-init[902]: |       . oBooo. o|
[   22.862469] cloud-init[902]: +----[SHA256]-----+
[   22.867186] cloud-init[902]: Generating public/private ecdsa key pair.
[   22.873466] cloud-init[902]: Your identification has been saved in /etc/ssh/ssh_host_ecdsa_key.
[   22.879731] cloud-init[902]: Your public key has been saved in /etc/ssh/ssh_host_ecdsa_key.pub.
[   22.886224] cloud-init[902]: The key fingerprint is:
[   22.891695] cloud-init[902]: SHA256:bxq/pJVWsFUF1kRCk9jwpRblh3uwMCwDm4HHC7DwFkU root@ubuntu-bionic
[   22.897993] cloud-init[902]: The key's randomart image is:
[   22.900879] cloud-init[902]: +---[ECDSA 256]---+
[   22.903292] cloud-init[902]: |  . o+Eoo   .=OO*|
[   22.906021] cloud-init[902]: |   o oo o= ..+oO.|
[   22.908841] cloud-init[902]: |    +  oo.+ = * o|
[   22.910960] cloud-init[902]: |   .    .  * + +.|
[   22.912990] cloud-init[902]: |        S . . o .|
[   22.914803] cloud-init[902]: |         . o   . |
[   22.917283] cloud-init[902]: |        . B      |
[   22.919321] cloud-init[902]: |         X       |
[   22.922942] cloud-init[902]: |        o o.     |
[   22.932123] cloud-init[902]: +----[SHA256]-----+
[   22.939287] cloud-init[902]: Generating public/private ed25519 key pair.
[   22.948610] cloud-init[902]: Your identification has been saved in /etc/ssh/ssh_host_ed25519_key.
[   22.959768] cloud-init[902]: Your public key has been saved in /etc/ssh/ssh_host_ed25519_key.pub.
[   22.964629] cloud-init[902]: The key fingerprint is:
[   22.969194] cloud-init[902]: SHA256:FQz/gzB7LdTEd7Io2g7ybespmZsLRy4AGRP32J4X4Is root@ubuntu-bionic
[   22.973656] cloud-init[902]: The key's randomart image is:
[   22.977862] cloud-init[902]: +--[ED25519 256]--+
[   22.980729] cloud-init[902]: |  +.. . .o...    |
[   22.983241] cloud-init[902]: |   = = . ..+. o .|
[   22.985600] cloud-init[902]: |  o . + + + .o + |
[   22.988191] cloud-init[902]: |   . o o B.+. .  |
[   22.990502] cloud-init[902]: |    E + So+.+    |
[   22.993098] cloud-init[902]: |     ..+o... .   |
[   22.995300] cloud-init[902]: |      ooo*       |
[   22.997854] cloud-init[902]: |       +=.+.     |
[   23.000892] cloud-init[902]: |        +*+.     |
[   23.003479] cloud-init[902]: +----[SHA256]-----+
         Starting Dispatcher daemon for systemd-networkd...
         Starting Pollinate to seed the pseudo random number generator...
         Starting Accounts Service...
         Starting LSB: Record successful boot for GRUB...
[[0;32m  OK  [0m] Reached target Login Prompts (Pre).
         Starting Login Service...
[[0;32m  OK  [0m] Started Regular background program processing daemon.
         Starting Permit User Sessions...
         Starting Snap Daemon...
[[0;32m  OK  [0m] Started System Logging Service.
[[0;32m  OK  [0m] Started LXD - container startup/shutdown.
[[0;32m  OK  [0m] Started Permit User Sessions.
[[0;32m  OK  [0m] Started Login Service.
[[0;32m  OK  [0m] Started LSB: automatic crash report generation.
         Starting Authorization Manager...
[[0;32m  OK  [0m] Started Unattended Upgrades Shutdown.
         Starting Hostname Service...
         Starting Hold until boot process finishes up...
         Starting Terminate Plymouth Boot Screen...
[[0;32m  OK  [0m] Started Hold until boot process finishes up.
[[0;32m  OK  [0m] Started Serial Getty on ttyS0.
         Starting Set console scheme...
[[0;32m  OK  [0m] Started Terminate Plymouth Boot Screen.
[[0;32m  OK  [0m] Started Set console scheme.
[[0;32m  OK  [0m] Created slice system-getty.slice.
[[0;32m  OK  [0m] Started Getty on tty1.
[[0;32m  OK  [0m] Reached target Login Prompts.
[[0;32m  OK  [0m] Started Authorization Manager.
[[0;32m  OK  [0m] Started Accounts Service.
[[0;32m  OK  [0m] Started Hostname Service.
[[0;32m  OK  [0m] Started Virtualbox guest utils.
[[0;32m  OK  [0m] Started LSB: Record successful boot for GRUB.
[[0;32m  OK  [0m] Started Dispatcher daemon for systemd-networkd.
[[0;32m  OK  [0m] Started Snap Daemon.
         Starting Wait until snapd is fully seeded...
[[0;32m  OK  [0m] Started Pollinate to seed the pseudo random number generator.
         Starting OpenBSD Secure Shell server...
[[0;32m  OK  [0m] Started OpenBSD Secure Shell server.
[[0;32m  OK  [0m] Created slice User Slice of vagrant.
         Starting User Manager for UID 1000...
[[0;32m  OK  [0m] Started Session 1 of user vagrant.
         Starting Time & Date Service...
[[0;32m  OK  [0m] Started User Manager for UID 1000.
[[0;32m  OK  [0m] Started Time & Date Service.
[[0;32m  OK  [0m] Started Wait until snapd is fully seeded.
         Starting Apply the settings specified in cloud-config...

Ubuntu 18.04.6 LTS ubuntu-bionic ttyS0

ubuntu-bionic login: [   29.690205] cloud-init[1516]: Cloud-init v. 23.1.2-0ubuntu0~18.04.1 running 'modules:config' at Sat, 23 Nov 2024 23:09:07 +0000. Up 29.17 seconds.
ci-info: no authorized SSH keys fingerprints found for user ubuntu.
<14>Nov 23 23:09:08 cloud-init: #############################################################
<14>Nov 23 23:09:08 cloud-init: -----BEGIN SSH HOST KEY FINGERPRINTS-----
<14>Nov 23 23:09:08 cloud-init: 1024 SHA256:749iD59XHWBHWHpAOZxwWHYTkXYQeXRqep027T8K52I root@ubuntu-bionic (DSA)
<14>Nov 23 23:09:08 cloud-init: 256 SHA256:bxq/pJVWsFUF1kRCk9jwpRblh3uwMCwDm4HHC7DwFkU root@ubuntu-bionic (ECDSA)
<14>Nov 23 23:09:08 cloud-init: 256 SHA256:FQz/gzB7LdTEd7Io2g7ybespmZsLRy4AGRP32J4X4Is root@ubuntu-bionic (ED25519)
<14>Nov 23 23:09:08 cloud-init: 2048 SHA256:/so/vWBis66A64AmyHQD2w4lszx7tUlTz/YqrfgL0Ko root@ubuntu-bionic (RSA)
<14>Nov 23 23:09:08 cloud-init: -----END SSH HOST KEY FINGERPRINTS-----
<14>Nov 23 23:09:08 cloud-init: #############################################################
-----BEGIN SSH HOST KEY KEYS-----
ecdsa-sha2-nistp256 AAAAE2VjZHNhLXNoYTItbmlzdHAyNTYAAAAIbmlzdHAyNTYAAABBBJbF4fy+/Wku9wu3yErh4Erm4r2AyMrP7mHX5hjxudCxLATuf2viX6JhjuESVg0Dd+I8LgzkYfflT4aKAREl4a8= root@ubuntu-bionic
ssh-ed25519 AAAAC3NzaC1lZDI1NTE5AAAAIH5Z5CvgtG1fZBTKr803DjB1HxV9jKNJiND/bd/+vDtX root@ubuntu-bionic
ssh-rsa AAAAB3NzaC1yc2EAAAADAQABAAABAQCyTy8vC42Bbf4a2fiij0Tcl06+M4Av0Xn4AEdfvTU01Qf0w+2f12VBrQst8ZNYv+ziK8oGNae0RfObGlH4bRA3qH+z3SL3CDWHXsrK/sltAEjWkk5Hkf4TrV9OzQhyyuvkXeeuBjZFlYrN7eF8WfqJGPjnc7Iin6eZlvuQMlxQQRID4X+ha9BPcx62pHtxtERHZEA7HUBAYK9sD/zhwz66z/VSvSixkXkzuGsotw3jCLfpKlTuDHE2MnKfe1QjRHSn2+4Dj04zJPGNhvHZkDSijdN1TAY3Zh/bcAjCtSV/t3PAU+/77RAyh+ncX4yFQHkEa+Oc624mD4Sft13qV/oF root@ubuntu-bionic
-----END SSH HOST KEY KEYS-----
[   30.458738] cloud-init[1625]: Cloud-init v. 23.1.2-0ubuntu0~18.04.1 running 'modules:final' at Sat, 23 Nov 2024 23:09:08 +0000. Up 30.26 seconds.
[   30.459137] cloud-init[1625]: Cloud-init v. 23.1.2-0ubuntu0~18.04.1 finished at Sat, 23 Nov 2024 23:09:08 +0000. Datasource DataSourceNoCloud [seed=/dev/sdb][dsmode=net].  Up 30.45 seconds
